-------------------------------------------------------------------------------
Test set: net.greet.CommandExtractorTest
-------------------------------------------------------------------------------
Tests run: 6, Failures: 4, Errors: 0, Skipped: 0, Time elapsed: 0.004 s <<< FAILURE! - in net.greet.CommandExtractorTest
shouldGetClearCommands  Time elapsed: 0.003 s  <<< FAILURE!
org.opentest4j.AssertionFailedError: expected: <YASH> but was: <Yash>
	at net.greet.CommandExtractorTest.shouldGetClearCommands(CommandExtractorTest.java:49)

shouldGetGreetCommandsWithDefaultLang  Time elapsed: 0 s  <<< FAILURE!
org.opentest4j.AssertionFailedError: expected: <YASH> but was: <Yash>
	at net.greet.CommandExtractorTest.shouldGetGreetCommandsWithDefaultLang(CommandExtractorTest.java:23)

shouldGetGreetCommandsWithDefault  Time elapsed: 0 s  <<< FAILURE!
org.opentest4j.AssertionFailedError: expected: <YASH> but was: <Yash>
	at net.greet.CommandExtractorTest.shouldGetGreetCommandsWithDefault(CommandExtractorTest.java:32)

shouldGetGreetCommandsWithLanguage  Time elapsed: 0 s  <<< FAILURE!
org.opentest4j.AssertionFailedError: expected: <YASH> but was: <Yash>
	at net.greet.CommandExtractorTest.shouldGetGreetCommandsWithLanguage(CommandExtractorTest.java:14)

